<?xml version="1.0" encoding="UTF-8"?>
<testng-results ignored="0" total="5" passed="5" failed="0" skipped="0">
  <reporter-output>
  </reporter-output>
  <suite started-at="2023-06-25T21:51:51 IST" name="Suite" finished-at="2023-06-25T21:52:22 IST" duration-ms="31429">
    <groups>
      <group name="regression">
        <method signature="LoginTest.testcase3()[pri:3, instance:test.LoginTest@5677323c]" name="testcase3" class="test.LoginTest"/>
        <method signature="LoginTest.testcase4()[pri:4, instance:test.LoginTest@5677323c]" name="testcase4" class="test.LoginTest"/>
      </group> <!-- regression -->
      <group name="sanity">
        <method signature="LoginTest.testcase1()[pri:1, instance:test.LoginTest@5677323c]" name="testcase1" class="test.LoginTest"/>
        <method signature="LoginTest.testcase2()[pri:2, instance:test.LoginTest@5677323c]" name="testcase2" class="test.LoginTest"/>
        <method signature="LoginTest.testcase3()[pri:3, instance:test.LoginTest@5677323c]" name="testcase3" class="test.LoginTest"/>
        <method signature="LoginTest.testcase4()[pri:4, instance:test.LoginTest@5677323c]" name="testcase4" class="test.LoginTest"/>
        <method signature="LoginTest.testcase5()[pri:5, instance:test.LoginTest@5677323c]" name="testcase5" class="test.LoginTest"/>
      </group> <!-- sanity -->
    </groups>
    <test started-at="2023-06-25T21:51:51 IST" name="Test" finished-at="2023-06-25T21:52:22 IST" duration-ms="31429">
      <class name="test.LoginTest">
        <test-method is-config="true" signature="beforeClass()[pri:0, instance:test.LoginTest@5677323c]" started-at="2023-06-25T21:51:51 IST" name="beforeClass" description="setUp" finished-at="2023-06-25T21:52:00 IST" duration-ms="8878" status="PASS">
          <reporter-output>
          </reporter-output>
        </test-method> <!-- beforeClass -->
        <test-method signature="testcase1()[pri:1, instance:test.LoginTest@5677323c]" started-at="2023-06-25T21:52:00 IST" name="testcase1" description="url" finished-at="2023-06-25T21:52:08 IST" duration-ms="8327" status="PASS">
          <reporter-output>
          </reporter-output>
        </test-method> <!-- testcase1 -->
        <test-method signature="testcase2()[pri:2, instance:test.LoginTest@5677323c]" started-at="2023-06-25T21:52:08 IST" name="testcase2" finished-at="2023-06-25T21:52:11 IST" duration-ms="3215" status="PASS">
          <reporter-output>
          </reporter-output>
        </test-method> <!-- testcase2 -->
        <test-method signature="testcase3()[pri:3, instance:test.LoginTest@5677323c]" started-at="2023-06-25T21:52:11 IST" name="testcase3" finished-at="2023-06-25T21:52:13 IST" duration-ms="2010" status="PASS">
          <reporter-output>
          </reporter-output>
        </test-method> <!-- testcase3 -->
        <test-method signature="testcase4()[pri:4, instance:test.LoginTest@5677323c]" started-at="2023-06-25T21:52:13 IST" name="testcase4" finished-at="2023-06-25T21:52:15 IST" duration-ms="2007" status="PASS">
          <reporter-output>
          </reporter-output>
        </test-method> <!-- testcase4 -->
        <test-method signature="testcase5()[pri:5, instance:test.LoginTest@5677323c]" started-at="2023-06-25T21:52:15 IST" name="testcase5" finished-at="2023-06-25T21:52:21 IST" duration-ms="5984" status="PASS">
          <reporter-output>
          </reporter-output>
        </test-method> <!-- testcase5 -->
        <test-method is-config="true" signature="afterClass()[pri:0, instance:test.LoginTest@5677323c]" started-at="2023-06-25T21:52:21 IST" name="afterClass" finished-at="2023-06-25T21:52:22 IST" duration-ms="947" status="PASS">
          <reporter-output>
          </reporter-output>
        </test-method> <!-- afterClass -->
      </class> <!-- test.LoginTest -->
    </test> <!-- Test -->
  </suite> <!-- Suite -->
</testng-results>
