<?xml version="1.0" encoding="UTF-8"?>
<!-- Generated by org.testng.reporters.JUnitXMLReporter -->
<testsuite ignored="0" hostname="LENOVO_IP3_JYIN" failures="0" tests="5" name="Test" time="31.429" errors="0" timestamp="2023-06-25T21:52:23 IST">
  <testcase classname="test.LoginTest" name="testcase1" time="8.327"/>
  <testcase classname="test.LoginTest" name="testcase2" time="3.215"/>
  <testcase classname="test.LoginTest" name="testcase3" time="2.01"/>
  <testcase classname="test.LoginTest" name="testcase4" time="2.007"/>
  <testcase classname="test.LoginTest" name="testcase5" time="5.984"/>
</testsuite> <!-- Test -->
